2017-06-20 15:25:19,197 :: INFO :: Serveur WEB opérationnel sur le port 80
2017-06-20 15:25:19,199 :: INFO :: En attente de WebSockets sur le port 9000
2017-06-20 15:25:38,883 :: INFO :: Connexion d'une console distante
2017-06-20 15:37:14,749 :: INFO :: Serveur WEB opérationnel sur le port 80
2017-06-20 15:37:14,750 :: INFO :: En attente de WebSockets sur le port 9000
2017-06-20 15:37:20,959 :: INFO :: Connexion d'une console distante
2017-06-20 15:43:36,619 :: INFO :: Déconnexion de la console distante
2017-06-20 15:43:36,842 :: INFO :: Connexion d'une console distante
2017-06-20 15:43:51,425 :: INFO :: Serveur WEB opérationnel sur le port 80
2017-06-20 15:43:51,426 :: INFO :: En attente de WebSockets sur le port 9000
2017-06-20 15:43:54,188 :: INFO :: Connexion d'une console distante
2017-06-20 15:43:56,093 :: INFO :: Déconnexion de la console distante
2017-06-20 15:43:56,218 :: INFO :: Connexion d'une console distante
2017-06-20 15:46:35,727 :: INFO :: Serveur WEB opérationnel sur le port 80
2017-06-20 15:46:35,728 :: INFO :: En attente de WebSockets sur le port 9000
2017-06-20 15:46:39,280 :: INFO :: Connexion d'une console distante
2017-06-20 15:46:43,184 :: INFO :: Déconnexion de la console distante
2017-06-20 15:46:43,302 :: INFO :: Connexion d'une console distante
2017-06-20 15:46:45,055 :: INFO :: Déconnexion de la console distante
2017-06-20 15:46:46,837 :: INFO :: Connexion d'une console distante
2017-06-20 15:47:46,325 :: INFO :: Déconnexion de la console distante
2017-06-20 15:47:46,528 :: INFO :: Connexion d'une console distante
2017-06-20 15:49:37,328 :: INFO :: Déconnexion de la console distante
2017-06-20 15:49:37,384 :: WARNING :: Not Found: /config
2017-06-20 15:49:46,565 :: WARNING :: Not Found: /ledwall
2017-06-20 15:49:50,475 :: INFO :: Connexion d'une console distante
2017-06-20 15:54:16,401 :: INFO :: Serveur WEB opérationnel sur le port 80
2017-06-20 15:54:16,402 :: INFO :: En attente de WebSockets sur le port 9000
2017-06-20 15:54:21,561 :: INFO :: Connexion d'une console distante
2017-06-20 15:54:23,237 :: INFO :: Déconnexion de la console distante
2017-06-20 15:54:25,521 :: INFO :: Connexion d'une console distante
2017-06-20 15:58:48,132 :: INFO :: Déconnexion de la console distante
2017-06-20 16:03:42,448 :: INFO :: Connexion d'une console distante
2017-06-20 16:09:24,628 :: INFO :: Déconnexion de la console distante
2017-06-20 16:09:24,882 :: INFO :: Connexion d'une console distante
2017-06-20 16:09:51,362 :: INFO :: Déconnexion de la console distante
2017-06-20 16:11:10,570 :: INFO :: Connexion d'une console distante
2017-06-20 16:11:15,005 :: INFO :: Déconnexion de la console distante
2017-06-20 16:11:43,095 :: INFO :: Connexion d'une console distante
2017-06-20 16:15:31,622 :: INFO :: Serveur WEB opérationnel sur le port 80
2017-06-20 16:15:31,623 :: INFO :: En attente de WebSockets sur le port 9000
2017-06-20 16:15:35,674 :: INFO :: Connexion d'une console distante
2017-06-20 16:15:40,676 :: INFO :: Déconnexion de la console distante
2017-06-20 16:15:41,834 :: INFO :: Connexion d'une console distante
2017-06-20 16:18:19,968 :: INFO :: Serveur WEB opérationnel sur le port 80
2017-06-20 16:18:19,969 :: INFO :: En attente de WebSockets sur le port 9000
2017-06-20 16:18:25,175 :: INFO :: Connexion d'une console distante
2017-06-20 16:18:26,601 :: INFO :: Déconnexion de la console distante
2017-06-20 16:18:27,985 :: INFO :: Connexion d'une console distante
2017-06-20 16:21:00,200 :: INFO :: Serveur WEB opérationnel sur le port 80
2017-06-20 16:21:00,201 :: INFO :: En attente de WebSockets sur le port 9000
